2023-06-27 21:01:40 DEBUG TelegramBot:29 - hello
2023-06-27 21:01:47 DEBUG TelegramBot:29 - hello
2023-06-27 21:04:55 DEBUG TelegramBot:30 - gdf
2023-06-27 21:08:55 DEBUG TelegramBot:19 - fs
2023-06-27 21:12:46 DEBUG TelegramBot:23 - das
2023-06-27 22:24:01 DEBUG UpdateProducerImpl:12 - fsd
2023-06-27 22:25:22 DEBUG UpdateProducerImpl:12 - 
2023-06-30 10:44:51 DEBUG UpdateProducerImpl:19 - hello
2023-06-30 10:46:51 DEBUG UpdateProducerImpl:19 - fds
2023-06-30 11:46:12 DEBUG UpdateProducerImpl:19 - gfd
2023-07-04 18:55:24 DEBUG UpdateProducerImpl:19 - rew
2023-07-06 17:03:03 DEBUG UpdateProducerImpl:19 - fs
2023-07-11 09:37:15 DEBUG UpdateProducerImpl:19 - sfdf
2023-07-11 10:21:47 ERROR UpdateController:36 - Unsupported message type is received: Update(updateId=576345897, message=null, inlineQuery=null, chosenInlineQuery=null, callbackQuery=null, editedMessage=null, channelPost=null, editedChannelPost=null, shippingQuery=null, preCheckoutQuery=null, poll=null, pollAnswer=null, myChatMember=ChatMemberUpdated(chat=Chat(id=757505453, type=private, title=null, firstName=Ярик, lastName=null, userName=hreenir, photo=null, description=null, inviteLink=null, pinnedMessage=null, stickerSetName=null, canSetStickerSet=null, permissions=null, slowModeDelay=null, bio=null, linkedChatId=null, location=null, messageAutoDeleteTime=null, hasPrivateForwards=null, HasProtectedContent=null, joinToSendMessages=null, joinByRequest=null, hasRestrictedVoiceAndVideoMessages=null, isForum=null, activeUsernames=null, emojiStatusCustomEmojiId=null, hasAggressiveAntiSpamEnabled=null, hasHiddenMembers=null), from=User(id=757505453, firstName=Ярик, isBot=false, lastName=null, userName=hreenir, languageCode=ru, canJoinGroups=null, canReadAllGroupMessages=null, supportInlineQueries=null, isPremium=null, addedToAttachmentMenu=null), date=1689060088, oldChatMember=ChatMemberMember(status=member, user=User(id=6241922145, firstName=hreenir, isBot=true, lastName=null, userName=hreenir_bot, languageCode=null, canJoinGroups=null, canReadAllGroupMessages=null, supportInlineQueries=null, isPremium=null, addedToAttachmentMenu=null)), newChatMember=ChatMemberBanned(status=kicked, user=User(id=6241922145, firstName=hreenir, isBot=true, lastName=null, userName=hreenir_bot, languageCode=null, canJoinGroups=null, canReadAllGroupMessages=null, supportInlineQueries=null, isPremium=null, addedToAttachmentMenu=null), untilDate=0), inviteLink=null, viaChatFolderInviteLink=null), chatMember=null, chatJoinRequest=null)
2023-07-11 10:21:48 ERROR UpdateController:36 - Unsupported message type is received: Update(updateId=576345898, message=null, inlineQuery=null, chosenInlineQuery=null, callbackQuery=null, editedMessage=null, channelPost=null, editedChannelPost=null, shippingQuery=null, preCheckoutQuery=null, poll=null, pollAnswer=null, myChatMember=ChatMemberUpdated(chat=Chat(id=757505453, type=private, title=null, firstName=Ярик, lastName=null, userName=hreenir, photo=null, description=null, inviteLink=null, pinnedMessage=null, stickerSetName=null, canSetStickerSet=null, permissions=null, slowModeDelay=null, bio=null, linkedChatId=null, location=null, messageAutoDeleteTime=null, hasPrivateForwards=null, HasProtectedContent=null, joinToSendMessages=null, joinByRequest=null, hasRestrictedVoiceAndVideoMessages=null, isForum=null, activeUsernames=null, emojiStatusCustomEmojiId=null, hasAggressiveAntiSpamEnabled=null, hasHiddenMembers=null), from=User(id=757505453, firstName=Ярик, isBot=false, lastName=null, userName=hreenir, languageCode=ru, canJoinGroups=null, canReadAllGroupMessages=null, supportInlineQueries=null, isPremium=null, addedToAttachmentMenu=null), date=1689060090, oldChatMember=ChatMemberBanned(status=kicked, user=User(id=6241922145, firstName=hreenir, isBot=true, lastName=null, userName=hreenir_bot, languageCode=null, canJoinGroups=null, canReadAllGroupMessages=null, supportInlineQueries=null, isPremium=null, addedToAttachmentMenu=null), untilDate=0), newChatMember=ChatMemberMember(status=member, user=User(id=6241922145, firstName=hreenir, isBot=true, lastName=null, userName=hreenir_bot, languageCode=null, canJoinGroups=null, canReadAllGroupMessages=null, supportInlineQueries=null, isPremium=null, addedToAttachmentMenu=null)), inviteLink=null, viaChatFolderInviteLink=null), chatMember=null, chatJoinRequest=null)
2023-07-11 10:21:48 DEBUG UpdateProducerImpl:19 - /start
2023-07-11 10:22:04 DEBUG UpdateProducerImpl:19 - /help
2023-07-11 10:22:39 DEBUG UpdateProducerImpl:19 - /cancel
2023-07-11 10:22:46 DEBUG UpdateProducerImpl:19 - /registration
2023-07-11 10:23:35 DEBUG UpdateProducerImpl:19 - 
2023-07-11 10:26:29 DEBUG UpdateProducerImpl:19 - 
2023-07-17 19:46:18 DEBUG UpdateProducerImpl:19 - 
2023-07-17 19:47:44 DEBUG UpdateProducerImpl:19 - 
2023-07-17 19:56:48 DEBUG UpdateProducerImpl:19 - 
2023-07-17 19:58:38 DEBUG UpdateProducerImpl:19 - 
2023-07-17 19:59:15 DEBUG UpdateProducerImpl:19 - 
